[debug] [2020-04-29T19:27:42.723Z] ----------------------------------------------------------------------
[debug] [2020-04-29T19:27:42.724Z] Command:       /usr/local/bin/firebase /home/jesse/.cache/firebase/tools/lib/node_modules/firebase-tools/lib/bin/firebase deploy
[debug] [2020-04-29T19:27:42.724Z] CLI Version:   8.1.1
[debug] [2020-04-29T19:27:42.724Z] Platform:      linux
[debug] [2020-04-29T19:27:42.724Z] Node Version:  v12.16.1
[debug] [2020-04-29T19:27:42.724Z] Time:          Wed Apr 29 2020 14:27:42 GMT-0500 (Central Daylight Time)
[debug] [2020-04-29T19:27:42.724Z] ----------------------------------------------------------------------
[debug] [2020-04-29T19:27:42.724Z] 
[debug] [2020-04-29T19:27:42.728Z] > command requires scopes: ["email","openid","https://www.googleapis.com/auth/cloudplatformprojects.readonly","https://www.googleapis.com/auth/firebase","https://www.googleapis.com/auth/cloud-platform"]
[debug] [2020-04-29T19:27:42.728Z] > authorizing via signed-in user
[debug] [2020-04-29T19:27:42.728Z] [iam] checking project ecommerc-fc69c for permissions ["cloudfunctions.functions.create","cloudfunctions.functions.delete","cloudfunctions.functions.get","cloudfunctions.functions.list","cloudfunctions.functions.update","cloudfunctions.operations.get","datastore.indexes.create","datastore.indexes.delete","datastore.indexes.list","datastore.indexes.update","firebase.projects.get","firebasedatabase.instances.update","firebasehosting.sites.update"]
[debug] [2020-04-29T19:27:42.730Z] >>> HTTP REQUEST POST https://cloudresourcemanager.googleapis.com/v1/projects/ecommerc-fc69c:testIamPermissions  
 {"permissions":["cloudfunctions.functions.create","cloudfunctions.functions.delete","cloudfunctions.functions.get","cloudfunctions.functions.list","cloudfunctions.functions.update","cloudfunctions.operations.get","datastore.indexes.create","datastore.indexes.delete","datastore.indexes.list","datastore.indexes.update","firebase.projects.get","firebasedatabase.instances.update","firebasehosting.sites.update"]}
[debug] [2020-04-29T19:27:42.903Z] <<< HTTP RESPONSE 200 {"content-type":"application/json; charset=UTF-8","vary":"X-Origin, Referer, Origin,Accept-Encoding","date":"Wed, 29 Apr 2020 19:27:42 GMT","server":"ESF","cache-control":"private","x-xss-protection":"0","x-frame-options":"SAMEORIGIN","x-content-type-options":"nosniff","server-timing":"gfet4t7; dur=90","alt-svc":"quic=\":443\"; ma=2592000; v=\"46,43\",h3-Q050=\":443\"; ma=2592000,h3-Q049=\":443\"; ma=2592000,h3-Q048=\":443\"; ma=2592000,h3-Q046=\":443\"; ma=2592000,h3-Q043=\":443\"; ma=2592000,h3-T050=\":443\"; ma=2592000","accept-ranges":"none","transfer-encoding":"chunked"}
[debug] [2020-04-29T19:27:42.907Z] >>> HTTP REQUEST POST https://iam.googleapis.com/v1/projects/ecommerc-fc69c/serviceAccounts/ecommerc-fc69c@appspot.gserviceaccount.com:testIamPermissions  
 {"permissions":["iam.serviceAccounts.actAs"]}
[debug] [2020-04-29T19:27:43.231Z] <<< HTTP RESPONSE 200 {"content-type":"application/json; charset=UTF-8","vary":"X-Origin, Referer, Origin,Accept-Encoding","date":"Wed, 29 Apr 2020 19:27:43 GMT","server":"ESF","cache-control":"private","x-xss-protection":"0","x-frame-options":"SAMEORIGIN","x-content-type-options":"nosniff","alt-svc":"h3-Q050=\":443\"; ma=2592000,h3-Q049=\":443\"; ma=2592000,h3-Q048=\":443\"; ma=2592000,h3-Q046=\":443\"; ma=2592000,h3-Q043=\":443\"; ma=2592000,h3-T050=\":443\"; ma=2592000,quic=\":443\"; ma=2592000; v=\"46,43\"","accept-ranges":"none","transfer-encoding":"chunked"}
[debug] [2020-04-29T19:27:43.232Z] >>> HTTP REQUEST GET https://firebase.googleapis.com/v1beta1/projects/ecommerc-fc69c  
 
[debug] [2020-04-29T19:27:43.415Z] <<< HTTP RESPONSE 200 {"content-type":"application/json; charset=UTF-8","vary":"X-Origin, Referer, Origin,Accept-Encoding","date":"Wed, 29 Apr 2020 19:27:43 GMT","server":"ESF","cache-control":"private","x-xss-protection":"0","x-frame-options":"SAMEORIGIN","x-content-type-options":"nosniff","alt-svc":"quic=\":443\"; ma=2592000; v=\"46,43\",h3-Q050=\":443\"; ma=2592000,h3-Q049=\":443\"; ma=2592000,h3-Q048=\":443\"; ma=2592000,h3-Q046=\":443\"; ma=2592000,h3-Q043=\":443\"; ma=2592000,h3-T050=\":443\"; ma=2592000","accept-ranges":"none","transfer-encoding":"chunked"}
[warn] ⚠  functions: package.json indicates an outdated version of firebase-functions.
Please upgrade using npm install --save firebase-functions@latest in your functions directory.
[info] 
[info] === Deploying to 'ecommerc-fc69c'...
[info] 
[info] i  deploying database, firestore, functions, hosting
[info] Running command: npm --prefix "$RESOURCE_DIR" run lint
[info] ✔  functions: Finished running predeploy script.
[info] i  database: checking rules syntax...
[debug] [2020-04-29T19:27:45.322Z] >>> HTTP REQUEST PUT https://ecommerc-fc69c.firebaseio.com/.settings/rules.json?dryRun=true  
 {
  "rules": {
    ".read": "auth != null",
    ".write": "auth != null"
  }
}
[debug] [2020-04-29T19:27:45.552Z] <<< HTTP RESPONSE 404 {"server":"nginx","date":"Wed, 29 Apr 2020 19:27:45 GMT","content-type":"application/json; charset=utf-8","content-length":"101","connection":"keep-alive","access-control-allow-origin":"*","cache-control":"no-cache","strict-transport-security":"max-age=31556926; includeSubDomains; preload"}
[debug] [2020-04-29T19:27:45.553Z] <<< HTTP RESPONSE BODY {
  "error" : "Firebase error. Please ensure that you spelled the name of your Firebase correctly"
}

[error] 
[error] Error: Unexpected error while deploying database rules.
